<?xml version="1.0" encoding="UTF-8"?>
<testsuite name="jp.co.tdc.jamcha.reporter.AncestorSuperTypeReporterTest" tests="2" skipped="0" failures="0" errors="0" timestamp="2025-04-03T14:20:44" hostname="xxxnoMacBook-Pro.local" time="0.587">
  <properties/>
  <testcase name="case1" classname="jp.co.tdc.jamcha.reporter.AncestorSuperTypeReporterTest" time="0.585"/>
  <testcase name="case2" classname="jp.co.tdc.jamcha.reporter.AncestorSuperTypeReporterTest" time="0.001"/>
  <system-out><![CDATA[]]></system-out>
  <system-err><![CDATA[]]></system-err>
</testsuite>
