<?xml version="1.0" encoding="UTF-8"?>
<testsuite name="jp.co.tdc.jamcha.call.tree.NodeTest" tests="3" skipped="0" failures="0" errors="0" timestamp="2025-04-03T14:20:44" hostname="xxxnoMacBook-Pro.local" time="0.004">
  <properties/>
  <testcase name="testAdd()" classname="jp.co.tdc.jamcha.call.tree.NodeTest" time="0.0"/>
  <testcase name="testRoute()" classname="jp.co.tdc.jamcha.call.tree.NodeTest" time="0.001"/>
  <testcase name="testFindAncestor()" classname="jp.co.tdc.jamcha.call.tree.NodeTest" time="0.001"/>
  <system-out><![CDATA[]]></system-out>
  <system-err><![CDATA[]]></system-err>
</testsuite>
