<?xml version="1.0" encoding="UTF-8"?>
<testsuite name="jp.co.tdc.jamcha.analyzer.CallerMetadataResolverTest" tests="5" skipped="0" failures="0" errors="0" timestamp="2025-04-03T14:20:44" hostname="xxxnoMacBook-Pro.local" time="0.029">
  <properties/>
  <testcase name="case1" classname="jp.co.tdc.jamcha.analyzer.CallerMetadataResolverTest" time="0.011"/>
  <testcase name="case2" classname="jp.co.tdc.jamcha.analyzer.CallerMetadataResolverTest" time="0.003"/>
  <testcase name="case3" classname="jp.co.tdc.jamcha.analyzer.CallerMetadataResolverTest" time="0.007"/>
  <testcase name="case4" classname="jp.co.tdc.jamcha.analyzer.CallerMetadataResolverTest" time="0.002"/>
  <testcase name="case5" classname="jp.co.tdc.jamcha.analyzer.CallerMetadataResolverTest" time="0.004"/>
  <system-out><![CDATA[]]></system-out>
  <system-err><![CDATA[]]></system-err>
</testsuite>
