<?xml version="1.0" encoding="UTF-8"?>
<testsuite name="jp.co.tdc.jamcha.model.PositionTest" tests="2" skipped="0" failures="0" errors="0" timestamp="2025-04-03T14:20:44" hostname="xxxnoMacBook-Pro.local" time="0.001">
  <properties/>
  <testcase name="0, 0" classname="jp.co.tdc.jamcha.model.PositionTest" time="0.001"/>
  <testcase name="1, 2" classname="jp.co.tdc.jamcha.model.PositionTest" time="0.0"/>
  <system-out><![CDATA[]]></system-out>
  <system-err><![CDATA[]]></system-err>
</testsuite>
