<?xml version="1.0" encoding="UTF-8"?>
<testsuite name="jp.co.tdc.jamcha.reporter.table.TableTest" tests="5" skipped="0" failures="0" errors="0" timestamp="2025-04-03T14:20:45" hostname="xxxnoMacBook-Pro.local" time="0.003">
  <properties/>
  <testcase name="case1" classname="jp.co.tdc.jamcha.reporter.table.TableTest" time="0.001"/>
  <testcase name="case2" classname="jp.co.tdc.jamcha.reporter.table.TableTest" time="0.0"/>
  <testcase name="case3" classname="jp.co.tdc.jamcha.reporter.table.TableTest" time="0.0"/>
  <testcase name="case4" classname="jp.co.tdc.jamcha.reporter.table.TableTest" time="0.001"/>
  <testcase name="case5" classname="jp.co.tdc.jamcha.reporter.table.TableTest" time="0.0"/>
  <system-out><![CDATA[]]></system-out>
  <system-err><![CDATA[]]></system-err>
</testsuite>
